Updated on Sun Jun 22 08:30:31 UTC 2025
Updated on Sun Jun 22 09:44:08 UTC 2025
Updated on Mon Jun 23 09:50:21 UTC 2025
Updated on Tue Jun 24 09:49:41 UTC 2025
Updated on Wed Jun 25 09:50:39 UTC 2025
Updated on Thu Jun 26 09:48:54 UTC 2025
Updated on Fri Jun 27 09:47:43 UTC 2025
Updated on Sat Jun 28 09:46:16 UTC 2025
Updated on Sun Jun 29 09:44:03 UTC 2025
Updated on Mon Jun 30 09:51:14 UTC 2025
Updated on Tue Jul  1 09:50:43 UTC 2025
Updated on Wed Jul  2 09:50:48 UTC 2025
Updated on Thu Jul  3 09:50:55 UTC 2025
Updated on Fri Jul  4 09:48:34 UTC 2025
Updated on Sat Jul  5 09:43:37 UTC 2025
Updated on Sun Jul  6 09:48:59 UTC 2025
Updated on Mon Jul  7 09:50:45 UTC 2025
Updated on Tue Jul  8 09:50:37 UTC 2025
Updated on Wed Jul  9 09:51:13 UTC 2025
Updated on Thu Jul 10 09:50:44 UTC 2025
